23:33:02 #linuxmasterrace https://redd.it/3tiy3m
23:34:07 #linuxmasterrace https://pta2002.com/pastes/blob/c06d69d5-1c58-471f-a34b-20921861347a
23:34:39 #linuxmasterrace https://www.reddit.com/r/Stepmania/
23:35:58 #linuxmasterrace https://u.teknik.io/zDGHH.png
23:46:23 #linuxmasterrace http://redd.it/6an8gb
23:47:47 #linuxmasterrace http://redd.it/6an8sh
11:13:19 snoonet http://www.snoonet.org/rules
11:13:19 snoonet http://www.snoonet.org/rules
11:13:19 snoonet http://www.snoonet.org/rules
11:13:20 #linuxmasterrace http://redd.it/6aq5ny
11:17:41 #linuxmasterrace https://i.imgur.com/Dht7g3z.png
11:37:49 ##Gupshup https://twitter.com/hassimer/status/859479073147543552
11:38:11 #linuxmasterrace https://www.youtube.com/watch?v=rg3Mr6e1KMo
11:38:46 #linuxmasterrace http://redd.it/6aqb99
11:43:52 #linuxmasterrace http://imgur.com/HODoX3x
11:47:23 #Islam https://www.facebook.com/AnimationClub/videos/1348723505213803/
11:55:23 #linuxmasterrace https://ocharles.org.uk/blog/posts/2013-12-06-24-days-of-hackage-persistent-esqueleto.html
11:55:44 #Islam http://www.mibbit.com
11:59:56 #linuxmasterrace http://redd.it/6aqdul
12:39:52 #linuxmasterrace http://redd.it/6aqj1a
12:40:26 ##Gupshup http://hearthstone.gamepedia.com/Murloc_Warleader
12:47:59 #linuxmasterrace http://youtu.be/B3h2Rw1mHew
12:51:20 #linuxmasterrace https://justcause3mods.com/wp-content/uploads/cmdm/165054/1456341811_Monster-Plane-1600x836.png
12:56:10 #linuxmasterrace http://redd.it/6aql7b
13:00:13 #linuxmasterrace https://en.wikipedia.org/wiki/MG_08
13:00:25 #linuxmasterrace https://en.wikipedia.org/wiki/08/15_%28film_series%29
13:00:54 #linuxmasterrace http://redd.it/6aqlpu
13:30:39 #linuxmasterrace http://edition.cnn.com/2017/05/11/politics/oval-office-photos-donald-trump-russians/
13:34:19 #linuxmasterrace http://www.abc.net.au/news/2017-03-04/white-house-defends-pences-use-of-private-email/8324608
13:34:29 #linuxmasterrace http://imgur.com/a/pLckP
13:41:57 #linuxmasterrace http://rrrather.com/view/3462
13:42:06 #linuxmasterrace http://rrrather.com/view/139
13:42:14 #linuxmasterrace https://www.washingtonpost.com/business/economy/trump-sold-all-shares-in-companies-in-june-spokesman-says/2016/12/06/55419d44-bbcf-11e6-94ac-3d324840106c_story.html?utm_term=.8d134eed0033
13:43:37 #linuxmasterrace http://rrrather.com/view/5044
13:47:57 #linuxmasterrace http://www.cnn.com/2017/04/06/politics/hillary-clinton-syria-assad/
13:50:25 #linuxmasterrace https://www.washingtonpost.com/blogs/fact-checker/post/hillary-clintons-uncredible-statement-on-syria/2011/04/01/AFWPEYaC_blog.html
14:08:33 #linuxmasterrace https://en.wikipedia.org/wiki/List_of_Chancellors_of_Germany_by_time_in_office
14:24:17 #linuxmasterrace http://i2.kym-cdn.com/photos/images/newsfeed/000/106/292/Furrychart.jpg
14:25:06 #Islam https://is.gd/1JYVa2
14:35:57 #linuxmasterrace http://redd.it/6ar0og
14:41:33 #linuxmasterrace http://redd.it/6ar1p3
14:42:47 #Islam http://tasfiyah.com/ibn-al-qayyim-three-causes-of-hearts-feeling-open-or-tight-and-the-effect-of-that-in-the-grave/
14:53:47 #linuxmasterrace https://redquasar.xyz/stuff/neon-useredition-20170504-1018-amd64.iso
14:54:42 ##Gupshup http://rrrather.com/view/16152
15:14:10 #linuxmasterrace https://weechat.org/files/scripts/unofficial/greentext.py
15:28:10 #Islam http://imgur.com/a/7rnSJ
15:28:21 #linuxmasterrace https://hastebin.com/cemibawivi.tex
15:30:29 #linuxmasterrace https://pta2002.com/pastes/paste/bd67f311-79d6-4d27-b614-4d5e8ef258fa
15:31:43 #Islam https://my.mixtape.moe/dclnzp.png
15:32:55 #linuxmasterrace https://rubygems.org/gems/haste/versions/0.2.1
15:37:45 ##Gupshup https://www.nytimes.com/2017/05/12/world/asia/china-south-korea-thaad-rap-video.html?emc=edit_tnt_20170512&nlid=15404638&tntemail0=y&utm_content=buffer7cdec&utm_medium=social&utm_source=twitter.com&utm_campaign=buffer
15:37:49 ##Gupshup https://www.youtube.com/watch?v=9p0nQdvHOOo
15:42:31 #linuxmasterrace http://redd.it/6ard5f
15:42:41 #linuxmasterrace https://www.quora.com/What-is-the-difference-between-Wi-Fi-and-WLAN
15:42:56 #linuxmasterrace https://twitter.com/jacobrossi/status/851992646151278592
15:42:57 #linuxmasterrace https://t.co/uUduqKF1Zg
15:46:37 #linuxmasterrace http://www.sndio.org/
15:49:30 #linuxmasterrace http://youtu.be/9sJUDx7iEJw
15:49:46 #linuxmasterrace http://www.microkernel.info/
15:52:51 #linuxmasterrace https://en.m.wikipedia.org/wiki/Redox
15:52:57 #linuxmasterrace https://www.redoxengine.com/
15:53:03 #linuxmasterrace https://github.com/redox-os/kernel
15:53:18 #linuxmasterrace https://www.redox-os.org/
15:56:27 #Islam https://www.albalagh.net/bookstore/?action=view&item=1006
15:59:58 #Islam https://www.albalagh.net/bookstore/sample_pages/1006Sample.pdf
16:05:22 #linuxmasterrace https://twitter.com/jacobrossi/status/851992646151278592
16:05:22 #linuxmasterrace https://t.co/uUduqKF1Zg
16:08:27 #linuxmasterrace https://matrix.org/_matrix/media/v1/download/matrix.org/LjwZZkZeFovTLmKLNmVSQIPP
16:10:19 #linuxmasterrace https://ih1.redbubble.net/image.320603864.9552/st%2Csmall%2C215x235-pad%2C210x230%2Cf8f8f8.lite-1u1.jpg
16:19:09 #linuxmasterrace https://matrix.org/_matrix/media/v1/download/matrix.org/ZrASXQZZvKzZaFRUDujEDyYv
16:33:46 #linuxmasterrace http://redd.it/6arnpt
16:46:37 #linuxmasterrace http://redd.it/6arqdv
17:03:03 #linuxmasterrace https://i.imgur.com/QQ1onY0.png
17:03:37 #linuxmasterrace https://en.wikipedia.org/wiki/Annealing_(metallurgy)
17:04:01 #linuxmasterrace https://en.wikipedia.org/wiki/Simulated_annealing
17:05:25 #linuxmasterrace http://www.kiwiirc.com/
17:32:19 #linuxmasterrace https://en.wikipedia.org/wiki/MediaGoblin
17:36:12 #linuxmasterrace https://en.wikipedia.org/wiki/Passive_house
17:38:02 #linuxmasterrace https://i.redditmedia.com/5URnoOZST6AvudAJRTUsJMoTz_NkwGmqNnlftmO6Ivg.jpg?w=320&s=a53278006fa80c8a9875c5804a314b03
17:59:12 #linuxmasterrace https://www.youtube.com/watch?v=GaUi8Dv73hA
18:04:19 #linuxmasterrace https://www.theverge.com/2017/5/8/15577340/pepe-the-frog-is-dead-matt-furie
02:12:04 snoonet http://www.snoonet.org/rules
02:12:04 snoonet http://www.snoonet.org/rules
02:12:04 snoonet http://www.snoonet.org/rules
02:12:04 ##Gupshup https://m.facebook.com/pages/Black-Tea-Party/162935357076298
02:12:04 #Islam https://islamhouse.com
02:12:04 #linuxmasterrace http://youtu.be/qeMFqkcPYcg
02:12:04 #linuxmasterrace https://ichef.bbci.co.uk/news/800/cpsprodpb/13A4F/production/_96036408_compo.jpg
02:12:04 #linuxmasterrace http://i.imgur.com/6xybZcg.png
02:12:04 #linuxmasterrace http://redd.it/6aul0g
02:12:04 #linuxmasterrace http://redd.it/6ausvp
02:12:04 #linuxmasterrace https://matrix.org/_matrix/media/v1/download/matrix.org/smRFSifQYLgcsXcSogUYwnvg
02:12:04 #linuxmasterrace https://intel.malwaretech.com/botnet/wcrypt
02:16:12 #linuxmasterrace https://dspinellis.github.io/unix-architecture/arch.pdf
02:19:19 #linuxmasterrace http://redd.it/6av036
02:21:10 ##Gupshup https://is.gd/F28cXX
02:26:03 #linuxmasterrace https://twitter.com/dodicin/status/862991818904002565
02:26:03 #linuxmasterrace https://t.co/8dROVXXkQv
02:34:26 ##Gupshup http://imgur.com/atS0qTv
02:35:10 #linuxmasterrace https://www.reddit.com/r/Android/comments/6at05a/here_comes_treble_a_modular_base_for_android/
02:38:39 ##Gupshup http://youtu.be/09wdQP1FFR0
02:54:59 #linuxmasterrace https://fuchsia.googlesource.com/
03:02:49 #linuxmasterrace http://redd.it/6av7ge
03:02:49 #linuxmasterrace http://redd.it/6av7jm
03:12:28 ##Gupshup http://imgur.com/atS0qTv
03:13:12 #linuxmasterrace http://redd.it/6av93h
03:14:03 #linuxmasterrace https://stallman.org/apple.html
03:17:59 #linuxmasterrace https://plasma-mobile.org/
22:23:26 snoonet http://www.snoonet.org/rules
22:23:26 snoonet http://www.snoonet.org/rules
22:23:26 snoonet http://www.snoonet.org/rules
22:23:26 #Islam http://www.haaretz.com/middle-east-news/palestinians/1.788853
22:23:26 #linuxmasterrace http://redd.it/6aztfr
22:32:14 #linuxmasterrace http://redd.it/6b0026
22:36:25 ##Gupshup https://soundcloud.com/bahyan-qr/4mjnfctfj1wx
22:38:01 #linuxmasterrace https://alpha.wallhaven.cc/search?q=linux
22:39:29 freenode http://www.freenode.net
22:39:29 snoonet http://www.snoonet.org/rules
22:39:29 freenode http://www.fosscon.org
22:39:29 snoonet http://www.snoonet.org/rules
22:39:29 freenode https://www.privateinternetaccess.com/
22:39:29 snoonet http://www.snoonet.org/rules
22:39:29 #emberjs https://ember-community-slackin.herokuapp.com
22:39:29 #emberjs https://ember-community-slackin.herokuapp.com
22:39:29 #symfony http://symfony.com/doc/current/testing/http_authentication.html
22:39:29 #symfony https://symfony.com/doc/current/bundles/SensioFrameworkExtraBundle/annotations/converters.html
22:39:29 #zeronet https://git.io/v9SVh
22:44:17 ##Gupshup http://www.kiwiirc.com/
22:46:03 #linuxmasterrace http://www.netlib.org/linpack/
22:46:42 ##Gupshup https://encrypted-tbn0.gstatic.com/images?q=tbn:ANd9GcTJKoPBwG7kxHGT7ded39ouBT5rYIiRUYSs1yNt8EQocw4RnuOLpvO_xoA
22:50:24 #linuxmasterrace https://wiki.archlinux.org/index.php/Stress_Test#Linpack
22:54:36 #linuxmasterrace https://pta2002.com/pastes/blob/117492c7-9ad8-43e6-88df-50e6d4c263c6
22:56:25 ##Gupshup https://tools.ietf.org/html/rfc2812
23:03:31 #linuxmasterrace https://arstechnica.com/information-technology/2017/02/microsoft-hosts-the-windows-source-in-a-monstrous-300gb-git-repository/
23:04:10 #linuxmasterrace https://arstechnica.com/information-technology/2017/02/microsoft-hosts-the-windows-source-in-a-monstrous-300gb-git-repository/
23:05:39 #linuxmasterrace https://en.wikipedia.org/wiki/Space-cadet_keyboard
23:21:57 #linuxmasterrace https://puri.sm/posts/reverse-engineering-the-intel-management-engine-romp-module/
23:22:52 ##Gupshup https://www.reddit.com/r/SuicideWatch/
23:25:35 #linuxmasterrace https://eurovision.tv/
23:26:38 #linuxmasterrace http://redd.it/6b0a46
23:32:03 #linuxmasterrace https://concordiaabchao.wordpress.com/2016/05/13/occult-symbolism-in-eurovision-2016/
23:37:39 #linuxmasterrace https://en.wikipedia.org/wiki/European_Broadcasting_Union
23:44:25 #linuxmasterrace http://youtu.be/Sj_9CiNkkn4
23:45:41 ##Gupshup http://www.kiwiirc.com/
23:47:14 #linuxmasterrace https://youtu.be/3FsVeMz1F5c?t=58
23:48:32 #linuxmasterrace https://twitter.com/ChrisPalacefc/status/863509765896499206
23:48:32 #linuxmasterrace https://t.co/liniTBzCBG
23:52:46 #linuxmasterrace http://redd.it/6b0eui
23:56:24 ##Gupshup http://islamlecture.com/book.php?subject_id=34
23:57:17 #Islam http://islamlecture.com/book.php?subject_id=34
00:02:41 #linuxmasterrace http://i.imgur.com/Yhk6pIS.png
00:06:44 #linuxmasterrace https://en.m.wikipedia.org/wiki/Verka_Serduchka
00:11:57 ##Gupshup https://twitter.com/JOE_co_uk/status/863516621884751872
00:11:58 ##Gupshup https://t.co/SP5Weywrop
21:08:27 snoonet http://www.snoonet.org/rules
21:08:27 freenode http://www.freenode.net
21:08:27 snoonet http://www.snoonet.org/rules
21:08:27 freenode http://www.fosscon.org
21:08:27 freenode https://www.privateinternetaccess.com/
21:08:27 snoonet http://www.snoonet.org/rules
21:08:27 #symfony https://notey.it/n/MTJuZg
21:08:27 #Islam http://islamiclectures.net/ahle-hadees-ka-manhaj/
21:08:27 #linuxmasterrace https://i.imgur.com/KcFqHw3.png
21:08:27 #linuxmasterrace https://webcache.googleusercontent.com/search?q=cache:cQOpZWYen_UJ:https://www.sophos.com/en-us/lp/nhs.aspx
21:08:27 #linuxmasterrace https://web.archive.org/web/20170102055713/https://www.sophos.com/en-us/lp/nhs.aspx
21:08:27 #linuxmasterrace https://nhsbuntu.org/
21:12:12 freenode http://www.freenode.net
21:12:12 snoonet http://www.snoonet.org/rules
21:12:12 freenode http://www.fosscon.org
21:12:12 snoonet http://www.snoonet.org/rules
21:12:12 freenode https://www.privateinternetaccess.com/
21:12:12 snoonet http://www.snoonet.org/rules
21:17:43 ##Gupshup http://www.fatwaislam.com/fis/index.cfm?scn=fd&ID=563
21:20:55 snoonet http://www.snoonet.org/rules
21:20:55 freenode http://www.freenode.net
21:20:55 snoonet http://www.snoonet.org/rules
21:20:55 freenode http://www.fosscon.org
21:20:55 freenode https://www.privateinternetaccess.com/
21:20:55 snoonet http://www.snoonet.org/rules
21:24:33 weechat http://weechat.org/files/plugins.xml.gz"
21:25:07 ##Gupshup https://en.m.wikipedia.org/wiki/Shalwar_Kameez
21:25:11 ##Gupshup http://images.plus613.net/images/f/3/9/3/www_plus613_net_d1.jpg
21:25:13 ##Gupshup http://www.fashiontrends.pk/wp-content/uploads/2012/02/Shalwar-Kameez-For-Men-05.jpg
21:25:54 ##Gupshup http://www.storesdirect.co.uk/media/catalog/product/cache/5/image/9df78eab33525d08d6e5fb8d27136e95/F/F/FFA014_1_banana_hammock.jpg
21:26:35 ##Gupshup http://friends.urbanup.com/1774853
21:26:56 ##Gupshup http://images4.fanpop.com/image/photos/17500000/Hibari-and-Dino-yaoi-17501325-1000-882.jpg
21:31:57 ##Gupshup https://is.gd/gQ4hNX
21:32:17 ##Gupshup https://is.gd/b8zARe
21:32:37 ##Gupshup https://is.gd/9hZpr9
21:34:38 ##Gupshup https://www.schulich.uwo.ca/bmsc/
21:37:47 ##Gupshup http://youtu.be/U61yzVVlUoE
01:12:05 snoonet http://www.snoonet.org/rules
01:12:05 freenode http://www.freenode.net
01:12:05 snoonet http://www.snoonet.org/rules
01:12:05 freenode http://www.fosscon.org
01:12:05 freenode https://www.privateinternetaccess.com/
01:12:05 snoonet http://www.snoonet.org/rules
01:12:05 #symfony https://notey.it/n/MTJuZw
01:12:06 #Islam https://islamqa.info/en/59905
01:12:06 #linuxmasterrace https://addons.mozilla.org/de/firefox/addon/chrome-store-foxified/
01:12:06 #linuxmasterrace https://xkcd.com/927/
01:12:20 freenode http://www.freenode.net
01:12:20 snoonet http://www.snoonet.org/rules
01:12:20 freenode http://www.fosscon.org
01:12:20 snoonet http://www.snoonet.org/rules
01:12:20 freenode https://www.privateinternetaccess.com/
01:12:20 snoonet http://www.snoonet.org/rules
01:14:13 snoonet http://www.snoonet.org/rules
01:14:13 freenode http://www.freenode.net
01:14:13 snoonet http://www.snoonet.org/rules
01:14:13 freenode http://www.fosscon.org
01:14:13 freenode https://www.privateinternetaccess.com/
01:14:13 snoonet http://www.snoonet.org/rules
01:14:30 freenode http://www.freenode.net
01:14:30 snoonet http://www.snoonet.org/rules
01:14:30 freenode http://www.fosscon.org
01:14:30 snoonet http://www.snoonet.org/rules
01:14:30 freenode https://www.privateinternetaccess.com/
01:14:30 snoonet http://www.snoonet.org/rules
01:16:32 snoonet http://www.snoonet.org/rules
01:16:32 freenode http://www.freenode.net
01:16:32 snoonet http://www.snoonet.org/rules
01:16:32 freenode http://www.fosscon.org
01:16:32 freenode https://www.privateinternetaccess.com/
01:16:32 snoonet http://www.snoonet.org/rules
01:16:54 freenode http://www.freenode.net
01:16:54 snoonet http://www.snoonet.org/rules
01:16:54 freenode http://www.fosscon.org
01:16:54 snoonet http://www.snoonet.org/rules
01:16:54 freenode https://www.privateinternetaccess.com/
01:16:54 snoonet http://www.snoonet.org/rules
01:17:12 freenode http://www.freenode.net
01:17:12 snoonet http://www.snoonet.org/rules
01:17:12 freenode http://www.fosscon.org
01:17:12 snoonet http://www.snoonet.org/rules
01:17:12 freenode https://www.privateinternetaccess.com/
01:17:12 snoonet http://www.snoonet.org/rules
01:17:28 snoonet http://www.snoonet.org/rules
01:17:28 freenode http://www.freenode.net
01:17:28 snoonet http://www.snoonet.org/rules
01:17:28 freenode http://www.fosscon.org
01:17:28 freenode https://www.privateinternetaccess.com/
01:17:29 snoonet http://www.snoonet.org/rules
01:20:22 snoonet http://www.snoonet.org/rules
01:20:22 freenode http://www.freenode.net
01:20:22 snoonet http://www.snoonet.org/rules
01:20:22 freenode http://www.fosscon.org
01:20:22 freenode https://www.privateinternetaccess.com/
01:20:22 snoonet http://www.snoonet.org/rules
01:20:22 ##Gupshup http://www.gym-talk.com/arnold-schwarzeneggers-golden-six-routine/
01:20:48 snoonet http://www.snoonet.org/rules
01:20:48 freenode http://www.freenode.net
01:20:48 snoonet http://www.snoonet.org/rules
01:20:48 freenode http://www.fosscon.org
01:20:48 freenode https://www.privateinternetaccess.com/
01:20:49 snoonet http://www.snoonet.org/rules
01:21:07 freenode http://www.freenode.net
01:21:07 snoonet http://www.snoonet.org/rules
01:21:07 freenode http://www.fosscon.org
01:21:07 snoonet http://www.snoonet.org/rules
01:21:07 freenode https://www.privateinternetaccess.com/
01:21:07 snoonet http://www.snoonet.org/rules
01:21:30 snoonet http://www.snoonet.org/rules
01:21:30 freenode http://www.freenode.net
01:21:30 snoonet http://www.snoonet.org/rules
01:21:30 freenode http://www.fosscon.org
01:21:30 freenode https://www.privateinternetaccess.com/
01:21:30 snoonet http://www.snoonet.org/rules
01:23:20 #linuxmasterrace https://www.youtube.com/watch?v=lbJ51AJuR7E&list=PLSMETuURtTXCzW7Q_ZIy4QzEnyUG8totf
01:23:30 snoonet http://www.snoonet.org/rules
01:23:30 freenode http://www.freenode.net
01:23:30 snoonet http://www.snoonet.org/rules
01:23:30 freenode http://www.fosscon.org
01:23:30 freenode https://www.privateinternetaccess.com/
01:23:30 snoonet http://www.snoonet.org/rules
01:23:43 #linuxmasterrace https://www.youtube.com/watch?v=lbJ51AJuR7E&index=1&list=PLSMETuURtTXCzW7Q_ZIy4QzEnyUG8totf
01:28:28 #linuxmasterrace http://i.imgur.com/hd3uT1g.jpg
01:29:22 #linuxmasterrace https://is.gd/rSuanT
01:29:53 #linuxmasterrace https://is.gd/GUp5Xz
01:29:59 #linuxmasterrace https://is.gd/DBIChI
01:30:30 #linuxmasterrace https://is.gd/ohbuYN
01:30:40 #linuxmasterrace https://is.gd/ev0FgR
01:33:55 #linuxmasterrace https://youtu.be/DNRTfhmDJ7g
01:39:21 freenode http://www.freenode.net
01:39:21 snoonet http://www.snoonet.org/rules
01:39:21 freenode http://www.fosscon.org
01:39:21 snoonet http://www.snoonet.org/rules
01:39:21 freenode https://www.privateinternetaccess.com/
01:39:21 snoonet http://www.snoonet.org/rules
01:57:54 #linuxmasterrace https://u.teknik.io/RKtbI.png
02:09:21 #linuxmasterrace http://www.youtube.com
02:09:55 #linuxmasterrace http://www.btnet.com.tr/wp-content/uploads/2017/05/wannacry_05-1024x774.png
02:22:43 #linuxmasterrace https://lutris.net/
10:07:15 freenode http://www.freenode.net
10:07:15 freenode http://www.fosscon.org
10:07:15 freenode https://www.privateinternetaccess.com/
10:07:15 snoonet http://www.snoonet.org/rules
10:07:15 snoonet http://www.snoonet.org/rules
10:07:15 snoonet http://www.snoonet.org/rules
10:07:15 #symfony https://github.com/symfony/symfony/blob/fb532bfc172a531bce4219e4f21db124eb972bbc/src/Symfony/Component/HttpKernel/Controller/ArgumentResolver/RequestAttributeValueResolver.php#L38
10:07:15 ##Gupshup https://www.youtube.com/watch?v=VkfMVVDDBM0
10:07:15 #Islam https://www.youtube.com/c/FreeQuranEducation
10:07:15 #Islam https://www.launchgood.com/project/this_ramadan_help_revolutionize_access_to_islamic_education_using_visual_learning
10:07:15 #linuxmasterrace https://i.imgur.com/2SoEP5O.gifv
10:31:19 #linuxmasterrace http://imgur.com/a/a3YRj
11:01:04 #Islam https://pbs.twimg.com/media/C_re58BXgAA8fzx.jpg
11:11:39 #linuxmasterrace https://www.youtube.com/watch?v=Zy4G30kSPnY
11:11:46 #Islam https://www.youtube.com/watch?v=37BRBd5ns6M
11:22:27 #Islam http://productivemuslim.com/8-simple-steps-to-help-you-prepare-for-ramadan/
11:23:22 #Islam https://twitter.com/SpreadPeacee/status/863045217355788288
11:23:22 #Islam https://t.co/2ZywS2HDPE
11:26:45 #Islam http://thekidshouldseethis.com/post/84448815852
11:30:28 #linuxmasterrace https://www.youtube.com/watch?v=TcqWok8AubE
11:43:47 #Islam http://tasfiyah.com/ibn-al-qayyim-three-causes-of-hearts-feeling-open-or-tight-and-the-effect-of-that-in-the-grave/
12:03:20 #Islam http://www.mibbit.com
12:06:01 #symfony https://knpuniversity.com/screencast/alice-fixtures/processors
12:45:41 ##Gupshup http://www.kiwiirc.com/
12:45:41 #Islam http://www.kiwiirc.com/
12:51:56 #linuxmasterrace https://matrix.org/_matrix/media/v1/download/matrix.org/XcTZgDcFmwCrZwMXDZMHDrHK
13:01:07 #symfony http://rndnext.blogspot.com/2009/08/mutually-exclusive-html-select-elements.html
13:03:35 #linuxmasterrace https://is.gd/BlDGPc
13:11:29 #linuxmasterrace http://roll-dice-online.com/
13:24:34 snoonet http://www.snoonet.org/rules
13:24:34 freenode http://www.freenode.net
13:24:35 snoonet http://www.snoonet.org/rules
13:24:35 freenode http://www.fosscon.org
13:24:35 freenode https://www.privateinternetaccess.com/
13:24:35 snoonet http://www.snoonet.org/rules
14:06:26 #linuxmasterrace https://www.youtube.com/watch?v=fr0Wyom3pOg
14:09:18 #linuxmasterrace https://www.independent.co.uk/arts-entertainment/tv/news/mr-robot-season-3-premiere-date-rami-malek-bobby-cannavale-bd-wong-a7625501.html
14:14:04 #Islam https://pbs.twimg.com/media/C_re58BXgAA8fzx.jpg
14:17:03 #linuxmasterrace https://play.google.com/store/apps/details?id=com.zeapo.pwdstore
14:17:21 #linuxmasterrace https://www.passwordstore.org/
14:20:49 #Islam https://www.google.com.au/amp/s/abdurrahman.org/2013/07/18/dua-for-increase-in-knowledge-compiled-and-translated-by-abbas-abu-yahya/amp/
14:35:37 #linuxmasterrace https://www.youtube.com/watch?v=Syjp9lsWBhc
14:49:08 #linuxmasterrace https://www.youtube.com/watch?v=9UtRsGU6pVs
14:49:09 #linuxmasterrace https://u.teknik.io/xVTu8.png
14:50:12 #symfony http://paste.ubuntu.com/24580702/
14:50:32 #linuxmasterrace https://u.teknik.io/AW71V.png
14:53:48 #linuxmasterrace https://u.teknik.io/AW71V.png
14:53:48 #linuxmasterrace https://u.teknik.io/xVTu8.png
15:04:03 #linuxmasterrace https://www.youtube.com/watch?v=rF9bacBwaXM
15:09:21 #linuxmasterrace https://www.youtube.com/watch?v=t6u6n0Y_5Cw
